[    0.000000] Linux version 4.15.0-108-generic (buildd@lcy01-amd64-013) (gcc version 7.5.0 (Ubuntu 7.5.0-3ubuntu1~18.04)) #109-Ubuntu SMP Fri Jun 19 11:33:10 UTC 2020 (Ubuntu 4.15.0-108.109-generic 4.15.18)
[    0.000000] Command line: BOOT_IMAGE=/boot/vmlinuz-4.15.0-108-generic root=LABEL=cloudimg-rootfs ro console=tty1 console=ttyS0
[    0.000000] KERNEL supported cpus:
[    0.000000]   Intel GenuineIntel
[    0.000000]   AMD AuthenticAMD
[    0.000000]   Centaur CentaurHauls
[    0.000000] x86/fpu: Supporting XSAVE feature 0x001: 'x87 floating point registers'
[    0.000000] x86/fpu: Supporting XSAVE feature 0x002: 'SSE registers'
[    0.000000] x86/fpu: Supporting XSAVE feature 0x004: 'AVX registers'
[    0.000000] x86/fpu: xstate_offset[2]:  576, xstate_sizes[2]:  256
[    0.000000] x86/fpu: Enabled xstate features 0x7, context size is 832 bytes, using 'standard' format.
[    0.000000] e820: BIOS-provided physical RAM map:
[    0.000000] BIOS-e820: [mem 0x0000000000000000-0x000000000009fbff] usable
[    0.000000] BIOS-e820: [mem 0x000000000009fc00-0x000000000009ffff] reserved
[    0.000000] BIOS-e820: [mem 0x00000000000f0000-0x00000000000fffff] reserved
[    0.000000] BIOS-e820: [mem 0x0000000000100000-0x000000003ffeffff] usable
[    0.000000] BIOS-e820: [mem 0x000000003fff0000-0x000000003fffffff] ACPI data
[    0.000000] BIOS-e820: [mem 0x00000000fec00000-0x00000000fec00fff] reserved
[    0.000000] BIOS-e820: [mem 0x00000000fee00000-0x00000000fee00fff] reserved
[    0.000000] BIOS-e820: [mem 0x00000000fffc0000-0x00000000ffffffff] reserved
[    0.000000] NX (Execute Disable) protection: active
[    0.000000] SMBIOS 2.5 present.
[    0.000000] DMI: innotek GmbH VirtualBox/VirtualBox, BIOS VirtualBox 12/01/2006
[    0.000000] Hypervisor detected: KVM
[    0.000000] e820: last_pfn = 0x3fff0 max_arch_pfn = 0x400000000
[    0.000000] MTRR: Disabled
[    0.000000] x86/PAT: MTRRs disabled, skipping PAT initialization too.
[    0.000000] CPU MTRRs all blank - virtualized system.
[    0.000000] x86/PAT: Configuration [0-7]: WB  WT  UC- UC  WB  WT  UC- UC  
[    0.000000] found SMP MP-table at [mem 0x0009fff0-0x0009ffff]
[    0.000000] Scanning 1 areas for low memory corruption
[    0.000000] RAMDISK: [mem 0x35957000-0x36ca2fff]
[    0.000000] ACPI: Early table checksum verification disabled
[    0.000000] ACPI: RSDP 0x00000000000E0000 000024 (v02 VBOX  )
[    0.000000] ACPI: XSDT 0x000000003FFF0030 00003C (v01 VBOX   VBOXXSDT 00000001 ASL  00000061)
[    0.000000] ACPI: FACP 0x000000003FFF00F0 0000F4 (v04 VBOX   VBOXFACP 00000001 ASL  00000061)
[    0.000000] ACPI: DSDT 0x000000003FFF0470 0022EA (v02 VBOX   VBOXBIOS 00000002 INTL 20100528)
[    0.000000] ACPI: FACS 0x000000003FFF0200 000040
[    0.000000] ACPI: FACS 0x000000003FFF0200 000040
[    0.000000] ACPI: APIC 0x000000003FFF0240 00005C (v02 VBOX   VBOXAPIC 00000001 ASL  00000061)
[    0.000000] ACPI: SSDT 0x000000003FFF02A0 0001CC (v01 VBOX   VBOXCPUT 00000002 INTL 20100528)
[    0.000000] No NUMA configuration found
[    0.000000] Faking a node at [mem 0x0000000000000000-0x000000003ffeffff]
[    0.000000] NODE_DATA(0) allocated [mem 0x3ffc5000-0x3ffeffff]
[    0.000000] kvm-clock: cpu 0, msr 0:3ff44001, primary cpu clock
[    0.000000] kvm-clock: Using msrs 4b564d01 and 4b564d00
[    0.000000] kvm-clock: using sched offset of 3297993646 cycles
[    0.000000] clocksource: kvm-clock: mask: 0xffffffffffffffff max_cycles: 0x1cd42e4dffb, max_idle_ns: 881590591483 ns
[    0.000000] Zone ranges:
[    0.000000]   DMA      [mem 0x0000000000001000-0x0000000000ffffff]
[    0.000000]   DMA32    [mem 0x0000000001000000-0x000000003ffeffff]
[    0.000000]   Normal   empty
[    0.000000]   Device   empty
[    0.000000] Movable zone start for each node
[    0.000000] Early memory node ranges
[    0.000000]   node   0: [mem 0x0000000000001000-0x000000000009efff]
[    0.000000]   node   0: [mem 0x0000000000100000-0x000000003ffeffff]
[    0.000000] Reserved but unavailable: 98 pages
[    0.000000] Initmem setup node 0 [mem 0x0000000000001000-0x000000003ffeffff]
[    0.000000] ACPI: PM-Timer IO Port: 0x4008
[    0.000000] IOAPIC[0]: apic_id 2, version 32, address 0xfec00000, GSI 0-23
[    0.000000] ACPI: INT_SRC_OVR (bus 0 bus_irq 0 global_irq 2 dfl dfl)
[    0.000000] ACPI: INT_SRC_OVR (bus 0 bus_irq 9 global_irq 9 low level)
[    0.000000] Using ACPI (MADT) for SMP configuration information
[    0.000000] smpboot: Allowing 2 CPUs, 0 hotplug CPUs
[    0.000000] PM: Registered nosave memory: [mem 0x00000000-0x00000fff]
[    0.000000] PM: Registered nosave memory: [mem 0x0009f000-0x0009ffff]
[    0.000000] PM: Registered nosave memory: [mem 0x000a0000-0x000effff]
[    0.000000] PM: Registered nosave memory: [mem 0x000f0000-0x000fffff]
[    0.000000] e820: [mem 0x40000000-0xfebfffff] available for PCI devices
[    0.000000] Booting paravirtualized kernel on KVM
[    0.000000] clocksource: refined-jiffies: mask: 0xffffffff max_cycles: 0xffffffff, max_idle_ns: 7645519600211568 ns
[    0.000000] random: get_random_bytes called from start_kernel+0x99/0x4fd with crng_init=0
[    0.000000] setup_percpu: NR_CPUS:8192 nr_cpumask_bits:2 nr_cpu_ids:2 nr_node_ids:1
[    0.000000] percpu: Embedded 45 pages/cpu s147456 r8192 d28672 u1048576
[    0.000000] PV qspinlock hash table entries: 256 (order: 0, 4096 bytes)
[    0.000000] Built 1 zonelists, mobility grouping on.  Total pages: 257913
[    0.000000] Policy zone: DMA32
[    0.000000] Kernel command line: BOOT_IMAGE=/boot/vmlinuz-4.15.0-108-generic root=LABEL=cloudimg-rootfs ro console=tty1 console=ttyS0
[    0.000000] Memory: 982492K/1048120K available (12300K kernel code, 2481K rwdata, 4272K rodata, 2436K init, 2720K bss, 65628K reserved, 0K cma-reserved)
[    0.000000] SLUB: HWalign=64, Order=0-3, MinObjects=0, CPUs=2, Nodes=1
[    0.000000] Kernel/User page tables isolation: enabled
[    0.000000] ftrace: allocating 39378 entries in 154 pages
[    0.004000] Hierarchical RCU implementation.
[    0.004000] 	RCU restricting CPUs from NR_CPUS=8192 to nr_cpu_ids=2.
[    0.004000] 	Tasks RCU enabled.
[    0.004000] RCU: Adjusting geometry for rcu_fanout_leaf=16, nr_cpu_ids=2
[    0.004000] NR_IRQS: 524544, nr_irqs: 440, preallocated irqs: 16
[    0.004000] Console: colour VGA+ 80x25
[    0.004000] console [tty1] enabled
[    0.004000] console [ttyS0] enabled
[    0.004000] ACPI: Core revision 20170831
[    0.004000] ACPI: 2 ACPI AML tables successfully acquired and loaded
[    0.004000] APIC: Switch to symmetric I/O mode setup
[    0.004000] x2apic enabled
[    0.004000] Switched APIC routing to physical x2apic.
[    0.004000] ..TIMER: vector=0x30 apic1=0 pin1=2 apic2=-1 pin2=-1
[    0.004000] tsc: Detected 3192.008 MHz processor
[    0.004000] Calibrating delay loop (skipped) preset value.. 6384.01 BogoMIPS (lpj=12768032)
[    0.004003] pid_max: default: 32768 minimum: 301
[    0.004559] Security Framework initialized
[    0.005020] Yama: becoming mindful.
[    0.005437] AppArmor: AppArmor initialized
[    0.005989] Dentry cache hash table entries: 131072 (order: 8, 1048576 bytes)
[    0.006790] Inode-cache hash table entries: 65536 (order: 7, 524288 bytes)
[    0.008007] Mount-cache hash table entries: 2048 (order: 2, 16384 bytes)
[    0.008719] Mountpoint-cache hash table entries: 2048 (order: 2, 16384 bytes)
[    0.009648] Last level iTLB entries: 4KB 64, 2MB 8, 4MB 8
[    0.010250] Last level dTLB entries: 4KB 64, 2MB 0, 4MB 0, 1GB 4
[    0.010893] Spectre V1 : Mitigation: usercopy/swapgs barriers and __user pointer sanitization
[    0.011903] Spectre V2 : Mitigation: Full generic retpoline
[    0.012002] Spectre V2 : Spectre v2 / SpectreRSB mitigation: Filling RSB on context switch
[    0.012963] Speculative Store Bypass: Vulnerable
[    0.013513] SRBDS: Unknown: Dependent on hypervisor status
[    0.014111] MDS: Mitigation: Clear CPU buffers
[    0.014726] Freeing SMP alternatives memory: 36K
[    0.124733] smpboot: CPU0: Intel(R) Core(TM) i7-8700 CPU @ 3.20GHz (family: 0x6, model: 0x9e, stepping: 0xa)
[    0.125892] Performance Events: unsupported p6 CPU model 158 no PMU driver, software events only.
[    0.126881] Hierarchical SRCU implementation.
[    0.127813] NMI watchdog: Perf event create on CPU 0 failed with -2
[    0.128003] NMI watchdog: Perf NMI watchdog permanently disabled
[    0.128798] smp: Bringing up secondary CPUs ...
[    0.129377] x86: Booting SMP configuration:
[    0.129872] .... node  #0, CPUs:      #1
[    0.004000] kvm-clock: cpu 1, msr 0:3ff44041, secondary cpu clock
[    0.132013] smp: Brought up 1 node, 2 CPUs
[    0.132472] smpboot: Max logical packages: 1
[    0.132955] smpboot: Total of 2 processors activated (12768.03 BogoMIPS)
[    0.133749] devtmpfs: initialized
[    0.133749] x86/mm: Memory block size: 128MB
[    0.133749] evm: security.selinux
[    0.136003] evm: security.SMACK64
[    0.136451] evm: security.SMACK64EXEC
[    0.136901] evm: security.SMACK64TRANSMUTE
[    0.137368] evm: security.SMACK64MMAP
[    0.137791] evm: security.apparmor
[    0.138191] evm: security.ima
[    0.138548] evm: security.capability
[    0.138987] clocksource: jiffies: mask: 0xffffffff max_cycles: 0xffffffff, max_idle_ns: 7645041785100000 ns
[    0.140005] futex hash table entries: 512 (order: 3, 32768 bytes)
[    0.141581] pinctrl core: initialized pinctrl subsystem
[    0.142244] RTC time: 23:15:03, date: 07/02/20
[    0.142858] NET: Registered protocol family 16
[    0.144058] audit: initializing netlink subsys (disabled)
[    0.144775] audit: type=2000 audit(1593731708.546:1): state=initialized audit_enabled=0 res=1
[    0.144775] cpuidle: using governor ladder
[    0.144775] cpuidle: using governor menu
[    0.144980] ACPI: bus type PCI registered
[    0.145445] acpiphp: ACPI Hot Plug PCI Controller Driver version: 0.5
[    0.148074] PCI: Using configuration type 1 for base access
[    0.148716] HugeTLB registered 2.00 MiB page size, pre-allocated 0 pages
[    0.148777] ACPI: Added _OSI(Module Device)
[    0.148792] ACPI: Added _OSI(Processor Device)
[    0.149381] ACPI: Added _OSI(3.0 _SCP Extensions)
[    0.152010] ACPI: Added _OSI(Processor Aggregator Device)
[    0.152733] ACPI: Added _OSI(Linux-Dell-Video)
[    0.153258] ACPI: Added _OSI(Linux-Lenovo-NV-HDMI-Audio)
[    0.153911] ACPI: Added _OSI(Linux-HPI-Hybrid-Graphics)
[    0.154932] ACPI: Executed 1 blocks of module-level executable AML code
[    0.158218] ACPI: Interpreter enabled
[    0.158682] ACPI: (supports S0 S5)
[    0.159143] ACPI: Using IOAPIC for interrupt routing
[    0.159873] PCI: Using host bridge windows from ACPI; if necessary, use "pci=nocrs" and report a bug
[    0.160179] ACPI: Enabled 2 GPEs in block 00 to 07
[    0.165853] ACPI: PCI Root Bridge [PCI0] (domain 0000 [bus 00-ff])
[    0.166538] acpi PNP0A03:00: _OSC: OS supports [ASPM ClockPM Segments MSI]
[    0.167594] acpi PNP0A03:00: _OSC: not requesting OS control; OS requires [ExtendedConfig ASPM ClockPM MSI]
[    0.168009] acpi PNP0A03:00: fail to add MMCONFIG information, can't access extended PCI configuration space under this bridge.
[    0.169463] PCI host bridge to bus 0000:00
[    0.169933] pci_bus 0000:00: root bus resource [io  0x0000-0x0cf7 window]
[    0.170663] pci_bus 0000:00: root bus resource [io  0x0d00-0xffff window]
[    0.171435] pci_bus 0000:00: root bus resource [mem 0x000a0000-0x000bffff window]
[    0.172003] pci_bus 0000:00: root bus resource [mem 0x40000000-0xfdffffff window]
[    0.172839] pci_bus 0000:00: root bus resource [bus 00-ff]
[    0.174802] pci 0000:00:01.1: legacy IDE quirk: reg 0x10: [io  0x01f0-0x01f7]
[    0.176002] pci 0000:00:01.1: legacy IDE quirk: reg 0x14: [io  0x03f6]
[    0.176737] pci 0000:00:01.1: legacy IDE quirk: reg 0x18: [io  0x0170-0x0177]
[    0.177968] pci 0000:00:01.1: legacy IDE quirk: reg 0x1c: [io  0x0376]
[    0.187219] pci 0000:00:07.0: quirk: [io  0x4000-0x403f] claimed by PIIX4 ACPI
[    0.188000] pci 0000:00:07.0: quirk: [io  0x4100-0x410f] claimed by PIIX4 SMB
[    0.194337] ACPI: PCI Interrupt Link [LNKA] (IRQs 5 9 10 *11)
[    0.195550] ACPI: PCI Interrupt Link [LNKB] (IRQs 5 9 *10 11)
[    0.196057] ACPI: PCI Interrupt Link [LNKC] (IRQs 5 *9 10 11)
[    0.196766] ACPI: PCI Interrupt Link [LNKD] (IRQs 5 9 10 *11)
[    0.197631] SCSI subsystem initialized
[    0.198099] pci 0000:00:02.0: vgaarb: setting as boot VGA device
[    0.198099] pci 0000:00:02.0: vgaarb: VGA device added: decodes=io+mem,owns=io+mem,locks=none
[    0.198099] pci 0000:00:02.0: vgaarb: bridge control possible
[    0.200006] vgaarb: loaded
[    0.200363] ACPI: bus type USB registered
[    0.200845] usbcore: registered new interface driver usbfs
[    0.201453] usbcore: registered new interface driver hub
[    0.202055] usbcore: registered new device driver usb
[    0.202651] EDAC MC: Ver: 3.0.0
[    0.202651] PCI: Using ACPI for IRQ routing
[    0.204184] NetLabel: Initializing
[    0.204638] NetLabel:  domain hash size = 128
[    0.205137] NetLabel:  protocols = UNLABELED CIPSOv4 CALIPSO
[    0.205798] NetLabel:  unlabeled traffic allowed by default
[    0.206420] clocksource: Switched to clocksource kvm-clock
[    0.212967] VFS: Disk quotas dquot_6.6.0
[    0.213483] VFS: Dquot-cache hash table entries: 512 (order 0, 4096 bytes)
[    0.214333] AppArmor: AppArmor Filesystem Enabled
[    0.214926] pnp: PnP ACPI init
[    0.215947] pnp: PnP ACPI: found 3 devices
[    0.224064] clocksource: acpi_pm: mask: 0xffffff max_cycles: 0xffffff, max_idle_ns: 2085701024 ns
[    0.225287] NET: Registered protocol family 2
[    0.225977] TCP established hash table entries: 8192 (order: 4, 65536 bytes)
[    0.226969] TCP bind hash table entries: 8192 (order: 5, 131072 bytes)
[    0.228553] TCP: Hash tables configured (established 8192 bind 8192)
[    0.229374] UDP hash table entries: 512 (order: 2, 16384 bytes)
[    0.230126] UDP-Lite hash table entries: 512 (order: 2, 16384 bytes)
[    0.230941] NET: Registered protocol family 1
[    0.231497] pci 0000:00:00.0: Limiting direct PCI/PCI transfers
[    0.232323] pci 0000:00:01.0: Activating ISA DMA hang workarounds
[    0.233117] pci 0000:00:02.0: Video device with shadowed ROM at [mem 0x000c0000-0x000dffff]
[    0.234175] Unpacking initramfs...
[    0.449269] Freeing initrd memory: 19760K
[    0.449855] clocksource: tsc: mask: 0xffffffffffffffff max_cycles: 0x2e02cc61d1f, max_idle_ns: 440795332860 ns
[    0.450975] platform rtc_cmos: registered platform RTC device (no PNP device found)
[    0.451841] Scanning for low memory corruption every 60 seconds
[    0.452992] Initialise system trusted keyrings
[    0.453549] Key type blacklist registered
[    0.454090] workingset: timestamp_bits=36 max_order=18 bucket_order=0
[    0.455419] zbud: loaded
[    0.456066] squashfs: version 4.0 (2009/01/31) Phillip Lougher
[    0.456917] fuse init (API version 7.26)
[    0.459461] Key type asymmetric registered
[    0.460038] Asymmetric key parser 'x509' registered
[    0.460655] Block layer SCSI generic (bsg) driver version 0.4 loaded (major 246)
[    0.461585] io scheduler noop registered
[    0.462114] io scheduler deadline registered
[    0.462615] io scheduler cfq registered (default)
[    0.463344] ACPI: AC Adapter [AC] (on-line)
[    0.463896] input: Power Button as /devices/LNXSYSTM:00/LNXPWRBN:00/input/input0
[    0.464795] ACPI: Power Button [PWRF]
[    0.465262] input: Sleep Button as /devices/LNXSYSTM:00/LNXSLPBN:00/input/input1
[    0.466086] ACPI: Sleep Button [SLPF]
[    0.466755] Serial: 8250/16550 driver, 32 ports, IRQ sharing enabled
[    0.487888] 00:02: ttyS0 at I/O 0x3f8 (irq = 4, base_baud = 115200) is a 16550A
[    0.490871] Linux agpgart interface v0.103
[    0.493605] loop: module loaded
[    0.494418] scsi host0: ata_piix
[    0.494926] scsi host1: ata_piix
[    0.495378] ata1: PATA max UDMA/33 cmd 0x1f0 ctl 0x3f6 bmdma 0xd000 irq 14
[    0.496187] ata2: PATA max UDMA/33 cmd 0x170 ctl 0x376 bmdma 0xd008 irq 15
[    0.497262] libphy: Fixed MDIO Bus: probed
[    0.497787] tun: Universal TUN/TAP device driver, 1.6
[    0.498446] PPP generic driver version 2.4.2
[    0.499039] ehci_hcd: USB 2.0 'Enhanced' Host Controller (EHCI) Driver
[    0.499895] ehci-pci: EHCI PCI platform driver
[    0.500511] ehci-platform: EHCI generic platform driver
[    0.501150] ohci_hcd: USB 1.1 'Open' Host Controller (OHCI) Driver
[    0.501938] ohci-pci: OHCI PCI platform driver
[    0.502493] ohci-platform: OHCI generic platform driver
[    0.503134] uhci_hcd: USB Universal Host Controller Interface driver
[    0.503965] i8042: PNP: PS/2 Controller [PNP0303:PS2K,PNP0f03:PS2M] at 0x60,0x64 irq 1,12
[    0.505476] serio: i8042 KBD port at 0x60,0x64 irq 1
[    0.506173] serio: i8042 AUX port at 0x60,0x64 irq 12
[    0.506955] mousedev: PS/2 mouse device common for all mice
[    0.508165] rtc_cmos rtc_cmos: rtc core: registered rtc_cmos as rtc0
[    0.509338] input: AT Translated Set 2 keyboard as /devices/platform/i8042/serio0/input/input2
[    0.510330] rtc_cmos rtc_cmos: alarms up to one day, 114 bytes nvram
[    0.511187] i2c /dev entries driver
[    0.511626] device-mapper: uevent: version 1.0.3
[    0.512346] device-mapper: ioctl: 4.37.0-ioctl (2017-09-20) initialised: dm-devel@redhat.com
[    0.513358] ledtrig-cpu: registered to indicate activity on CPUs
[    0.514328] NET: Registered protocol family 10
[    0.517009] Segment Routing with IPv6
[    0.517450] NET: Registered protocol family 17
[    0.518040] Key type dns_resolver registered
[    0.518743] mce: Using 0 MCE banks
[    0.519188] RAS: Correctable Errors collector initialized.
[    0.519867] sched_clock: Marking stable (518725885, 0)->(620701245, -101975360)
[    0.521092] registered taskstats version 1
[    0.521632] Loading compiled-in X.509 certificates
[    0.523590] Loaded X.509 cert 'Build time autogenerated kernel key: 8a77f038295f61e2f7a611f87ca2012318dc3558'
[    0.524966] zswap: loaded using pool lzo/zbud
[    0.527615] Key type big_key registered
[    0.528150] Key type trusted registered
[    0.529592] Key type encrypted registered
[    0.530110] AppArmor: AppArmor sha1 policy hashing enabled
[    0.530781] ima: No TPM chip found, activating TPM-bypass! (rc=-19)
[    0.531525] ima: Allocated hash algorithm: sha1
[    0.532155] evm: HMAC attrs: 0x1
[    0.532756]   Magic number: 12:316:301
[    0.533341] tty tty30: hash matches
[    0.533850] rtc_cmos rtc_cmos: setting system clock to 2020-07-02 23:15:03 UTC (1593731703)
[    0.534910] BIOS EDD facility v0.16 2004-Jun-25, 0 devices found
[    0.535639] EDD information not available.
[    0.658263] Freeing unused kernel image memory: 2436K
[    1.047575] Write protecting the kernel read-only data: 20480k
[    1.048830] Freeing unused kernel image memory: 2008K
[    1.049705] Freeing unused kernel image memory: 1872K
[    1.054148] x86/mm: Checked W+X mappings: passed, no W+X pages found.
[    1.055000] x86/mm: Checking user space page tables
[    1.059373] x86/mm: Checked W+X mappings: passed, no W+X pages found.
Loading, please wait...
starting version 237
[    1.102196] e1000: Intel(R) PRO/1000 Network Driver - version 7.3.21-k8-NAPI
[    1.103094] e1000: Copyright (c) 1999-2006 Intel Corporation.
[    1.106021] Fusion MPT base driver 3.04.20
[    1.106582] Copyright (c) 1999-2008 LSI Corporation
[    1.107819] vboxvideo: loading out-of-tree module taints kernel.
[    1.116496] vboxvideo: module verification failed: signature and/or required key missing - tainting kernel
[    1.119374] Fusion MPT SPI Host driver 3.04.20
[    1.128669] AVX2 version of gcm_enc/dec engaged.
[    1.129210] AES CTR mode by8 optimization enabled
[    1.320974] input: ImExPS/2 Generic Explorer Mouse as /devices/platform/i8042/serio1/input/input4
[    1.467236] e1000 0000:00:03.0 eth0: (PCI:33MHz:32-bit) 02:1f:f5:fa:01:4b
[    1.468123] e1000 0000:00:03.0 eth0: Intel(R) PRO/1000 Network Connection
[    1.469570] [drm] VRAM 01000000
[    1.470208] [TTM] Zone  kernel: Available graphics memory: 504302 kiB
[    1.471036] [TTM] Initializing pool allocator
[    1.471606] [TTM] Initializing DMA pool allocator
[    1.473499] fbcon: vboxdrmfb (fb0) is primary device
[    1.474591] Console: switching to colour frame buffer device 100x37
[    1.476360] vboxvideo 0000:00:02.0: fb0: vboxdrmfb frame buffer device
[    1.492027] [drm] Initialized vboxvideo 1.0.0 20130823 for 0000:00:02.0 on minor 0
[    1.494148] mptbase: ioc0: Initiating bringup
[    1.588705] ioc0: LSI53C1030 A0: Capabilities={Initiator}
[    1.833729] scsi host2: ioc0: LSI53C1030 A0, FwRev=00000000h, Ports=1, MaxQ=256, IRQ=20
[    2.004811] scsi 2:0:0:0: Direct-Access     VBOX     HARDDISK         1.0  PQ: 0 ANSI: 5
[    2.042204] scsi target2:0:0: Beginning Domain Validation
[    2.044166] scsi target2:0:0: Domain Validation skipping write tests
[    2.044811] scsi target2:0:0: Ending Domain Validation
[    2.045370] scsi target2:0:0: asynchronous
[    2.046263] scsi 2:0:1:0: Direct-Access     VBOX     HARDDISK         1.0  PQ: 0 ANSI: 5
[    2.331490] scsi target2:0:1: Beginning Domain Validation
[    2.334777] scsi target2:0:1: Domain Validation skipping write tests
[    2.335496] scsi target2:0:1: Ending Domain Validation
[    2.336177] scsi target2:0:1: asynchronous
[    2.339440] sd 2:0:0:0: [sda] 20971520 512-byte logical blocks: (10.7 GB/10.0 GiB)
[    2.340331] sd 2:0:0:0: Attached scsi generic sg0 type 0
[    2.341022] sd 2:0:0:0: [sda] Write Protect is off
[    2.341809] sd 2:0:0:0: [sda] Incomplete mode parameter data
[    2.342459] sd 2:0:0:0: [sda] Assuming drive cache: write through
[    2.343296] random: fast init done
[    2.343319] random: systemd-udevd: uninitialized urandom read (16 bytes read)
[    2.344886] random: systemd-udevd: uninitialized urandom read (16 bytes read)
[    2.345767] random: systemd-udevd: uninitialized urandom read (16 bytes read)
[    2.346854] sd 2:0:1:0: [sdb] 20480 512-byte logical blocks: (10.5 MB/10.0 MiB)
[    2.346879] sd 2:0:1:0: Attached scsi generic sg1 type 0
[    2.347790] sd 2:0:1:0: [sdb] Write Protect is off
[    2.348594]  sda: sda1
[    2.349886] sd 2:0:1:0: [sdb] Incomplete mode parameter data
[    2.350707] sd 2:0:1:0: [sdb] Assuming drive cache: write through
[    2.351951] sd 2:0:0:0: [sda] Attached SCSI disk
[    2.361317] sd 2:0:1:0: [sdb] Attached SCSI disk
[    2.363215] e1000 0000:00:08.0 eth1: (PCI:33MHz:32-bit) 08:00:27:d5:4b:f9
[    2.364155] e1000 0000:00:08.0 eth1: Intel(R) PRO/1000 Network Connection
[    2.365722] e1000 0000:00:03.0 enp0s3: renamed from eth0
[    2.380524] e1000 0000:00:08.0 enp0s8: renamed from eth1
Begin: Loading essential drivers ... [    2.508038] raid6: sse2x1   gen() 14600 MB/s
[    2.556117] raid6: sse2x1   xor() 10660 MB/s
[    2.604234] raid6: sse2x2   gen() 18060 MB/s
[    2.652345] raid6: sse2x2   xor() 12252 MB/s
[    2.700466] raid6: sse2x4   gen() 20901 MB/s
[    2.748079] raid6: sse2x4   xor() 12597 MB/s
[    2.796217] raid6: avx2x1   gen() 29348 MB/s
[    2.844304] raid6: avx2x1   xor() 20820 MB/s
[    2.892374] raid6: avx2x2   gen() 36098 MB/s
[    2.940485] raid6: avx2x2   xor() 22541 MB/s
[    2.988152] raid6: avx2x4   gen() 40439 MB/s
[    3.036262] raid6: avx2x4   xor() 24952 MB/s
[    3.036837] raid6: using algorithm avx2x4 gen() 40439 MB/s
[    3.037592] raid6: .... xor() 24952 MB/s, rmw enabled
[    3.038338] raid6: using avx2x2 recovery algorithm
[    3.039912] xor: automatically using best checksumming function   avx       
[    3.041689] async_tx: api initialized (async)
done.
Begin: Running /scripts/init-premount ... done.
Begin: Mounting root file system ... Begin: Running /scripts/local-top ... done.
Begin: Running /scripts/local-premount ... [    3.071442] Btrfs loaded, crc32c=crc32c-intel
Scanning for Btrfs filesystems
done.
Warning: fsck not present, so skipping root file system
[    3.090522] EXT4-fs (sda1): mounted filesystem with ordered data mode. Opts: (null)
done.
Begin: Running /scripts/local-bottom ... done.
Begin: Running /scripts/init-bottom ... done.
[    3.259234] ip_tables: (C) 2000-2006 Netfilter Core Team
[    3.267461] systemd[1]: systemd 237 running in system mode. (+PAM +AUDIT +SELINUX +IMA +APPARMOR +SMACK +SYSVINIT +UTMP +LIBCRYPTSETUP +GCRYPT +GNUTLS +ACL +XZ +LZ4 +SECCOMP +BLKID +ELFUTILS +KMOD -IDN2 +IDN -PCRE2 default-hierarchy=hybrid)
[    3.269795] systemd[1]: Detected virtualization oracle.
[    3.270432] systemd[1]: Detected architecture x86-64.

Welcome to [1mUbuntu 18.04.4 LTS[0m!

[    3.274550] systemd[1]: Set hostname to <ubuntu-bionic>.
[    3.495351] systemd[1]: Set up automount Arbitrary Executable File Formats File System Automount Point.
[[0;32m  OK  [0m] Set up automount Arbitrary Executab…rmats File System Automount Point.
[    3.508230] systemd[1]: Reached target User and Group Name Lookups.
[[0;32m  OK  [0m] Reached target User and Group Name Lookups.
[    3.510478] systemd[1]: Created slice System Slice.
[[0;32m  OK  [0m] Created slice System Slice.
[    3.511611] systemd[1]: Listening on Syslog Socket.
[[0;32m  OK  [0m] Listening on Syslog Socket.
[    3.513134] systemd[1]: Listening on Network Service Netlink Socket.
[[0;32m  OK  [0m] Listening on Network Service Netlink Socket.
[    3.514546] systemd[1]: Listening on udev Control Socket.
[[0;32m  OK  [0m] Listening on udev Control Socket.
[[0;32m  OK  [0m] Listening on LVM2 poll daemon socket.
[[0;32m  OK  [0m] Listening on udev Kernel Socket.
[[0;32m  OK  [0m] Listening on Journal Socket (/dev/log).
[[0;32m  OK  [0m] Listening on Journal Socket.
         Starting udev Coldplug all Devices...
         Starting Uncomplicated firewall...
         Starting Set the console keyboard layout...
         Mounting Huge Pages File System...
[[0;32m  OK  [0m] Created slice system-postgresql.slice.
         Mounting Kernel Debug File System...
[[0;32m  OK  [0m] Started Forward Password Requests to Wall Directory Watch.
         Starting Remount Root and Kernel File Systems...
[[0;32m  OK  [0m] Listening on /dev/initctl Compatibility Named Pipe.
[    3.552837] EXT4-fs (sda1): re-mounted. Opts: (null)
         Mounting POSIX Message Queue File System...
[[0;32m  OK  [0m] Created slice system-serial\x2dgetty.slice.
         Starting Load Kernel Modules...
[[0;32m  OK  [0m] Reached target Swap.
[[0;32m  OK  [0m] Listening on LVM2 metadata daemon socket.
[    3.599847] Loading iSCSI transport class v2.0-870.
[    3.604379] iscsi: registered transport (tcp)
[[0;32m  OK  [0m] Listening on Device-mapper event daemon FIFOs.
         Starting Monitoring of LVM2 mirrors…ng dmeventd or progress polling...
         Starting Create list of required st…ce nodes for the current kernel...
[[0;32m  OK  [0m] Listening on Journal Audit Socket.
         Starting Journal Service...
[[0;32m  OK  [0m] Created slice User and Session Slice.
[[0;32m  OK  [0m] Reached target Slices.
[[0;32m  OK  [0m] Reached target System Time Synchronized.
[[0;32m  OK  [0m] Started Uncomplicated firewall.
[[0;32m  OK  [0m] Started Set the console keyboard layout.
[[0;32m  OK  [0m] Mounted Huge Pages File System.
[[0;32m  OK  [0m] Mounted Kernel Debug File System.
[[0;32m  OK  [0m] Started Remount Root and Kernel File Systems.
[[0;32m  OK  [0m] Mounted POSIX Message Queue File System.
         Starting Load/Save Random Seed...
[    3.630614] iscsi: registered transport (iser)
[[0;32m  OK  [0m] Started Load Kernel Modules.
[[0;32m  OK  [0m] Started Create list of required sta…vice nodes for the current kernel.
[[0;32m  OK  [0m] Started udev Coldplug all Devices.
[[0;32m  OK  [0m] Started Load/Save Random Seed.
         Starting Create Static Device Nodes in /dev...
         Starting Apply Kernel Variables...
         Mounting Kernel Configuration File System...
         Mounting FUSE Control File System...
[[0;32m  OK  [0m] Mounted Kernel Configuration File System.
[[0;32m  OK  [0m] Mounted FUSE Control File System.
[[0;32m  OK  [0m] Started Journal Service.
         Starting Flush Journal to Persistent Storage...
[[0;32m  OK  [0m] Started LVM2 metadata daemon.
[[0;32m  OK  [0m] Started Create Static Device Nodes in /dev.
         Starting udev Kernel Device Manager...
[[0;32m  OK  [0m] Started Apply Kernel Variables.
[[0;32m  OK  [0m] Started Monitoring of LVM2 mirrors,…sing dmeventd or progress polling.
[[0;32m  OK  [0m] Reached target Local File Systems (Pre).
[[0;32m  OK  [0m] Reached target Local File Systems.
         Starting AppArmor initialization...
         Starting Set console font and keymap...
         Starting ebtables ruleset management...
         Starting Tell Plymouth To Write Out Runtime Data...
[[0;32m  OK  [0m] Started udev Kernel Device Manager.
[[0;32m  OK  [0m] Started Dispatch Password Requests to Console Directory Watch.
[[0;32m  OK  [0m] Reached target Local Encrypted Volumes.
[[0;32m  OK  [0m] Started Set console font and keymap.
[[0;32m  OK  [0m] Started Tell Plymouth To Write Out Runtime Data.
[[0;32m  OK  [0m] Found device /dev/ttyS0.
[[0;32m  OK  [0m] Listening on Load/Save RF Kill Switch Status /dev/rfkill Watch.
[[0;32m  OK  [0m] Started Flush Journal to Persistent Storage.
         Starting Create Volatile Files and Directories...
[[0;32m  OK  [0m] Started Create Volatile Files and Directories.
         Starting Update UTMP about System Boot/Shutdown...
[[0;32m  OK  [0m] Started ebtables ruleset management.
[[0;32m  OK  [0m] Started Update UTMP about System Boot/Shutdown.
[[0;32m  OK  [0m] Started AppArmor initialization.
         Starting Initial cloud-init job (pre-networking)...
[    4.876877] cloud-init[597]: Cloud-init v. 19.4-33-gbb4131a2-0ubuntu1~18.04.1 running 'init-local' at Thu, 02 Jul 2020 23:15:07 +0000. Up 4.72 seconds.
[[0;32m  OK  [0m] Started Initial cloud-init job (pre-networking).
[[0;32m  OK  [0m] Reached target Network (Pre).
         Starting Network Service...
[[0;32m  OK  [0m] Started Network Service.
         Starting Network Name Resolution...
         Starting Wait for Network to be Configured...
[[0;32m  OK  [0m] Started Network Name Resolution.
[[0;32m  OK  [0m] Reached target Network.
[[0;32m  OK  [0m] Reached target Host and Network Name Lookups.
[[0;32m  OK  [0m] Started Wait for Network to be Configured.
         Starting Initial cloud-init job (metadata service crawler)...
[    6.979080] cloud-init[717]: Cloud-init v. 19.4-33-gbb4131a2-0ubuntu1~18.04.1 running 'init' at Thu, 02 Jul 2020 23:15:09 +0000. Up 6.88 seconds.
[    6.980325] cloud-init[717]: ci-info: ++++++++++++++++++++++++++++++++++++++Net device info+++++++++++++++++++++++++++++++++++++++
[    6.981291] cloud-init[717]: ci-info: +--------+------+-----------------------------+---------------+--------+-------------------+
[    6.992286] cloud-init[717]: ci-info: | Device |  Up  |           Address           |      Mask     | Scope  |     Hw-Address    |
[    6.992930] cloud-init[717]: ci-info: +--------+------+-----------------------------+---------------+--------+-------------------+
[    6.993927] cloud-init[717]: ci-info: | enp0s3 | True |          10.0.2.15          | 255.255.255.0 | global | 02:1f:f5:fa:01:4b |
[    6.994907] cloud-init[717]: ci-info: | enp0s3 | True |  fe80::1f:f5ff:fefa:14b/64  |       .       |  link  | 02:1f:f5:fa:01:4b |
[    6.995912] cloud-init[717]: ci-info: | enp0s8 | True |        192.168.33.10        | 255.255.255.0 | global | 08:00:27:d5:4b:f9 |
[    6.997068] cloud-init[717]: ci-info: | enp0s8 | True | fe80::a00:27ff:fed5:4bf9/64 |       .       |  link  | 08:00:27:d5:4b:f9 |
[    6.998689] cloud-init[717]: ci-info: |   lo   | True |          127.0.0.1          |   255.0.0.0   |  host  |         .         |
[    6.999691] cloud-init[717]: ci-info: |   lo   | True |           ::1/128           |       .       |  host  |         .         |
[    7.000547] cloud-init[717]: ci-info: +--------+------+-----------------------------+---------------+--------+-------------------+
[    7.012092] cloud-init[717]: ci-info: +++++++++++++++++++++++++++++Route IPv4 info+++++++++++++++++++++++++++++
[    7.012787] cloud-init[717]: ci-info: +-------+--------------+----------+-----------------+-----------+-------+
[    7.013634] cloud-init[717]: ci-info: | Route | Destination  | Gateway  |     Genmask     | Interface | Flags |
[    7.036119] cloud-init[717]: ci-info: +-------+--------------+----------+-----------------+-----------+-------+
[    7.036719] cloud-init[717]: ci-info: |   0   |   0.0.0.0    | 10.0.2.2 |     0.0.0.0     |   enp0s3  |   UG  |
[    7.048225] cloud-init[717]: ci-info: |   1   |   10.0.2.0   | 0.0.0.0  |  255.255.255.0  |   enp0s3  |   U   |
[    7.048857] cloud-init[717]: ci-info: |   2   |   10.0.2.2   | 0.0.0.0  | 255.255.255.255 |   enp0s3  |   UH  |
[    7.049485] cloud-init[717]: ci-info: |   3   | 192.168.33.0 | 0.0.0.0  |  255.255.255.0  |   enp0s8  |   U   |
[    7.050315] cloud-init[717]: ci-info: +-------+--------------+----------+-----------------+-----------+-------+
[    7.051122] cloud-init[717]: ci-info: +++++++++++++++++++Route IPv6 info+++++++++++++++++++
[    7.051858] cloud-init[717]: ci-info: +-------+-------------+---------+-----------+-------+
[    7.052522] cloud-init[717]: ci-info: | Route | Destination | Gateway | Interface | Flags |
[    7.053188] cloud-init[717]: ci-info: +-------+-------------+---------+-----------+-------+
[    7.053848] cloud-init[717]: ci-info: |   1   |  fe80::/64  |    ::   |   enp0s3  |   U   |
[    7.054527] cloud-init[717]: ci-info: |   2   |  fe80::/64  |    ::   |   enp0s8  |   U   |
[    7.055221] cloud-init[717]: ci-info: |   4   |    local    |    ::   |   enp0s3  |   U   |
[    7.055887] cloud-init[717]: ci-info: |   5   |    local    |    ::   |   enp0s8  |   U   |
[    7.056561] cloud-init[717]: ci-info: |   6   |   ff00::/8  |    ::   |   enp0s3  |   U   |
[    7.057229] cloud-init[717]: ci-info: |   7   |   ff00::/8  |    ::   |   enp0s8  |   U   |
[    7.057836] cloud-init[717]: ci-info: +-------+-------------+---------+-----------+-------+
[[0;32m  OK  [0m] Started Initial cloud-init job (metadata service crawler).
[[0;32m  OK  [0m] Reached target System Initialization.
         Starting Socket activation for snappy daemon.
[[0;32m  OK  [0m] Started Daily Cleanup of Temporary Directories.
[[0;32m  OK  [0m] Listening on UUID daemon activation socket.
[[0;32m  OK  [0m] Started Discard unused blocks once a week.
[[0;32m  OK  [0m] Started ACPI Events Check.
[[0;32m  OK  [0m] Reached target Paths.
         Starting LXD - unix socket.
[[0;32m  OK  [0m] Listening on Open-iSCSI iscsid Socket.
[[0;32m  OK  [0m] Started Message of the Day.
[[0;32m  OK  [0m] Listening on ACPID Listen Socket.
[[0;32m  OK  [0m] Started Daily apt download activities.
[[0;32m  OK  [0m] Started Daily apt upgrade and clean activities.
[[0;32m  OK  [0m] Reached target Timers.
[[0;32m  OK  [0m] Listening on D-Bus System Message Bus Socket.
[[0;32m  OK  [0m] Reached target Cloud-config availability.
[[0;32m  OK  [0m] Reached target Network is Online.
[[0;32m  OK  [0m] Reached target Remote File Systems (Pre).
[[0;32m  OK  [0m] Reached target Remote File Systems.
         Starting Availability of block devices...
[[0;32m  OK  [0m] Listening on Socket activation for snappy daemon.
[[0;32m  OK  [0m] Listening on LXD - unix socket.
[[0;32m  OK  [0m] Reached target Sockets.
[[0;32m  OK  [0m] Reached target Basic System.
[[0;32m  OK  [0m] Started Regular background program processing daemon.
         Starting Accounts Service...
[[0;32m  OK  [0m] Started irqbalance daemon.
         Starting LXD - container startup/shutdown...
         Starting LSB: automatic crash report generation...
         Starting System Logging Service...
         Starting Message of the Day...
[[0;32m  OK  [0m] Started FUSE filesystem for LXC.
         Starting LSB: Record successful boot for GRUB...
         Starting Dispatcher daemon for systemd-networkd...
         Starting vboxadd.service...
[[0;32m  OK  [0m] Started Deferred execution scheduler.
[[0;32m  OK  [0m] Started D-Bus System Message Bus.
         Starting Permit User Sessions...
         Starting PostgreSQL Cluster 10-main...
         Starting OpenBSD Secure Shell server...
         Starting Login Service...
         Starting Resets System Activity Data Collector...
         Starting Snappy daemon...
[[0;32m  OK  [0m] Started System Logging Service.
[[0;32m  OK  [0m] Started Availability of block devices.
[[0;32m  OK  [0m] Started Permit User Sessions.
[[0;32m  OK  [0m] Started Resets System Activity Data Collector.
[[0;32m  OK  [0m] Started Login Service.
[[0;32m  OK  [0m] Started Unattended Upgrades Shutdown.
         Starting Authorization Manager...
         Starting Hold until boot process finishes up...
         Starting Terminate Plymouth Boot Screen...
[[0;32m  OK  [0m] Started OpenBSD Secure Shell server.
[[0;32m  OK  [0m] Started Hold until boot process finishes up.
[[0;32m  OK  [0m] Started Terminate Plymouth Boot Screen.
[[0;32m  OK  [0m] Started Serial Getty on ttyS0.
         Starting Set console scheme...
[[0;32m  OK  [0m] Started LSB: automatic crash report generation.
[[0;32m  OK  [0m] Started Authorization Manager.
[[0;32m  OK  [0m] Started Accounts Service.
[[0;32m  OK  [0m] Started Set console scheme.
[[0;32m  OK  [0m] Created slice system-getty.slice.
[[0;32m  OK  [0m] Started Getty on tty1.
[[0;32m  OK  [0m] Reached target Login Prompts.
[[0;32m  OK  [0m] Started LXD - container startup/shutdown.
[[0;32m  OK  [0m] Started LSB: Record successful boot for GRUB.
[[0;32m  OK  [0m] Started Dispatcher daemon for systemd-networkd.
[[0;32m  OK  [0m] Started Snappy daemon.
         Starting Wait until snapd is fully seeded...
[[0;32m  OK  [0m] Started Wait until snapd is fully seeded.
         Starting Apply the settings specified in cloud-config...
[[0;32m  OK  [0m] Started vboxadd.service.
         Starting vboxadd-service.service...
[[0;32m  OK  [0m] Started vboxadd-service.service.
[    9.092692] cloud-init[1278]: Cloud-init v. 19.4-33-gbb4131a2-0ubuntu1~18.04.1 running 'modules:config' at Thu, 02 Jul 2020 23:15:11 +0000. Up 9.03 seconds.
[[0;32m  OK  [0m] Started Apply the settings specified in cloud-config.
[[0;32m  OK  [0m] Started Message of the Day.
[[0;32m  OK  [0m] Started PostgreSQL Cluster 10-main.
         Starting PostgreSQL RDBMS...
[[0;32m  OK  [0m] Started PostgreSQL RDBMS.
[[0;32m  OK  [0m] Reached target Multi-User System.
[[0;32m  OK  [0m] Reached target Graphical Interface.
         Starting Update UTMP about System Runlevel Changes...
         Starting Execute cloud user/final scripts...
[[0;32m  OK  [0m] Started Update UTMP about System Runlevel Changes.
[   11.127237] cloud-init[1445]: Cloud-init v. 19.4-33-gbb4131a2-0ubuntu1~18.04.1 running 'modules:final' at Thu, 02 Jul 2020 23:15:14 +0000. Up 11.06 seconds.
[   11.136535] cloud-init[1445]: Cloud-init v. 19.4-33-gbb4131a2-0ubuntu1~18.04.1 finished at Thu, 02 Jul 2020 23:15:14 +0000. Datasource DataSourceNoCloud [seed=/dev/sdb][dsmode=net].  Up 11.12 seconds
[[0;32m  OK  [0m] Started Execute cloud user/final scripts.
[[0;32m  OK  [0m] Reached target Cloud-init target.
         Starting Daily apt download activities...
[[0;32m  OK  [0m] Started Daily apt download activities.

Ubuntu 18.04.4 LTS ubuntu-bionic ttyS0

ubuntu-bionic login: 